08-Jan-2024 14:27:28.378 信息 [main] org.apache.catalina.startup.VersionLoggerListener.log Server.服务器版本: Apache Tomcat/8.5.97
08-Jan-2024 14:27:28.391 信息 [main] org.apache.catalina.startup.VersionLoggerListener.log 服务器构建:        Dec 7 2023 17:57:18 UTC
08-Jan-2024 14:27:28.391 信息 [main] org.apache.catalina.startup.VersionLoggerListener.log 服务器版本号:      8.5.97.0
08-Jan-2024 14:27:28.396 信息 [main] org.apache.catalina.startup.VersionLoggerListener.log 操作系统名称:      Windows 10
08-Jan-2024 14:27:28.396 信息 [main] org.apache.catalina.startup.VersionLoggerListener.log OS.版本:           10.0
08-Jan-2024 14:27:28.396 信息 [main] org.apache.catalina.startup.VersionLoggerListener.log 架构:              amd64
08-Jan-2024 14:27:28.396 信息 [main] org.apache.catalina.startup.VersionLoggerListener.log Java 环境变量:     C:\Program Files\Java\jdk1.8.0_331\jre
08-Jan-2024 14:27:28.396 信息 [main] org.apache.catalina.startup.VersionLoggerListener.log Java虚拟机版本:    1.8.0_331-b09
08-Jan-2024 14:27:28.396 信息 [main] org.apache.catalina.startup.VersionLoggerListener.log JVM.供应商:        Oracle Corporation
08-Jan-2024 14:27:28.396 信息 [main] org.apache.catalina.startup.VersionLoggerListener.log CATALINA_BASE:     D:\OpenGaussProject\TomCat\apache-tomcat-8.5.97
08-Jan-2024 14:27:28.396 信息 [main] org.apache.catalina.startup.VersionLoggerListener.log CATALINA_HOME:     D:\OpenGaussProject\TomCat\apache-tomcat-8.5.97
08-Jan-2024 14:27:28.396 信息 [main] org.apache.catalina.startup.VersionLoggerListener.log 命令行参数：       -Djava.util.logging.config.file=D:\OpenGaussProject\TomCat\apache-tomcat-8.5.97\conf\logging.properties
08-Jan-2024 14:27:28.396 信息 [main] org.apache.catalina.startup.VersionLoggerListener.log 命令行参数：       -Djava.util.logging.manager=org.apache.juli.ClassLoaderLogManager
08-Jan-2024 14:27:28.396 信息 [main] org.apache.catalina.startup.VersionLoggerListener.log 命令行参数：       -Djdk.tls.ephemeralDHKeySize=2048
08-Jan-2024 14:27:28.396 信息 [main] org.apache.catalina.startup.VersionLoggerListener.log 命令行参数：       -Djava.protocol.handler.pkgs=org.apache.catalina.webresources
08-Jan-2024 14:27:28.396 信息 [main] org.apache.catalina.startup.VersionLoggerListener.log 命令行参数：       -Dignore.endorsed.dirs=
08-Jan-2024 14:27:28.396 信息 [main] org.apache.catalina.startup.VersionLoggerListener.log 命令行参数：       -Dcatalina.base=D:\OpenGaussProject\TomCat\apache-tomcat-8.5.97
08-Jan-2024 14:27:28.396 信息 [main] org.apache.catalina.startup.VersionLoggerListener.log 命令行参数：       -Dcatalina.home=D:\OpenGaussProject\TomCat\apache-tomcat-8.5.97
08-Jan-2024 14:27:28.396 信息 [main] org.apache.catalina.startup.VersionLoggerListener.log 命令行参数：       -Djava.io.tmpdir=D:\OpenGaussProject\TomCat\apache-tomcat-8.5.97\temp
08-Jan-2024 14:27:28.396 信息 [main] org.apache.catalina.core.AprLifecycleListener.lifecycleEvent 使用APR版本[1.7.4]加载了基于APR的Apache Tomcat本机库[1.2.39]。
08-Jan-2024 14:27:28.396 信息 [main] org.apache.catalina.core.AprLifecycleListener.lifecycleEvent APR功能：IPv6[true]、sendfile[true]、accept filters[false]、random[true]、UDS [{4}]。
08-Jan-2024 14:27:28.396 信息 [main] org.apache.catalina.core.AprLifecycleListener.lifecycleEvent APR/OpenSSL配置：useAprConnector[false]，useOpenSSL[true]
08-Jan-2024 14:27:28.421 信息 [main] org.apache.catalina.core.AprLifecycleListener.initializeSSL OpenSSL成功初始化 [OpenSSL 3.0.11 19 Sep 2023]
08-Jan-2024 14:27:28.599 信息 [main] org.apache.coyote.AbstractProtocol.init 初始化协议处理器 ["http-nio-8080"]
08-Jan-2024 14:27:28.626 信息 [main] org.apache.catalina.startup.Catalina.load Initialization processed in 716 ms
08-Jan-2024 14:27:28.698 信息 [main] org.apache.catalina.core.StandardService.startInternal 正在启动服务[Catalina]
08-Jan-2024 14:27:28.698 信息 [main] org.apache.catalina.core.StandardEngine.startInternal 正在启动 Servlet 引擎：[Apache Tomcat/8.5.97]
08-Jan-2024 14:27:28.735 信息 [localhost-startStop-1] org.apache.catalina.startup.HostConfig.deployWAR 正在部署web应用程序存档文件[D:\OpenGaussProject\TomCat\apache-tomcat-8.5.97\webapps\test_hello.war]
08-Jan-2024 14:27:29.008 信息 [localhost-startStop-1] org.apache.jasper.servlet.TldScanner.scanJars 至少有一个JAR被扫描用于TLD但尚未包含TLD。 为此记录器启用调试日志记录，以获取已扫描但未在其中找到TLD的完整JAR列表。 在扫描期间跳过不需要的JAR可以缩短启动时间和JSP编译时间。
08-Jan-2024 14:27:29.550 警告 [localhost-startStop-1] org.apache.catalina.util.SessionIdGeneratorBase.createSecureRandom 使用[SHA1PRNG]创建会话ID生成的SecureRandom实例花费了[505]毫秒。
08-Jan-2024 14:27:29.568 信息 [localhost-startStop-1] org.apache.catalina.startup.HostConfig.deployWAR web应用程序存档文件[D:\OpenGaussProject\TomCat\apache-tomcat-8.5.97\webapps\test_hello.war]的部署已在[833]ms内完成
08-Jan-2024 14:27:29.568 信息 [localhost-startStop-1] org.apache.catalina.startup.HostConfig.deployDirectory 把web 应用程序部署到目录 [D:\OpenGaussProject\TomCat\apache-tomcat-8.5.97\webapps\docs]
08-Jan-2024 14:27:29.624 信息 [localhost-startStop-1] org.apache.catalina.startup.HostConfig.deployDirectory Web应用程序目录[D:\OpenGaussProject\TomCat\apache-tomcat-8.5.97\webapps\docs]的部署已在[56]毫秒内完成
08-Jan-2024 14:27:29.624 信息 [localhost-startStop-1] org.apache.catalina.startup.HostConfig.deployDirectory 把web 应用程序部署到目录 [D:\OpenGaussProject\TomCat\apache-tomcat-8.5.97\webapps\examples]
08-Jan-2024 14:27:30.285 信息 [localhost-startStop-1] org.apache.catalina.startup.HostConfig.deployDirectory Web应用程序目录[D:\OpenGaussProject\TomCat\apache-tomcat-8.5.97\webapps\examples]的部署已在[661]毫秒内完成
08-Jan-2024 14:27:30.285 信息 [localhost-startStop-1] org.apache.catalina.startup.HostConfig.deployDirectory 把web 应用程序部署到目录 [D:\OpenGaussProject\TomCat\apache-tomcat-8.5.97\webapps\host-manager]
08-Jan-2024 14:27:30.333 信息 [localhost-startStop-1] org.apache.catalina.startup.HostConfig.deployDirectory Web应用程序目录[D:\OpenGaussProject\TomCat\apache-tomcat-8.5.97\webapps\host-manager]的部署已在[48]毫秒内完成
08-Jan-2024 14:27:30.333 信息 [localhost-startStop-1] org.apache.catalina.startup.HostConfig.deployDirectory 把web 应用程序部署到目录 [D:\OpenGaussProject\TomCat\apache-tomcat-8.5.97\webapps\manager]
08-Jan-2024 14:27:30.365 信息 [localhost-startStop-1] org.apache.catalina.startup.HostConfig.deployDirectory Web应用程序目录[D:\OpenGaussProject\TomCat\apache-tomcat-8.5.97\webapps\manager]的部署已在[32]毫秒内完成
08-Jan-2024 14:27:30.368 信息 [localhost-startStop-1] org.apache.catalina.startup.HostConfig.deployDirectory 把web 应用程序部署到目录 [D:\OpenGaussProject\TomCat\apache-tomcat-8.5.97\webapps\ROOT]
08-Jan-2024 14:27:30.384 信息 [localhost-startStop-1] org.apache.catalina.startup.HostConfig.deployDirectory Web应用程序目录[D:\OpenGaussProject\TomCat\apache-tomcat-8.5.97\webapps\ROOT]的部署已在[16]毫秒内完成
08-Jan-2024 14:27:30.384 信息 [main] org.apache.coyote.AbstractProtocol.start 开始协议处理句柄["http-nio-8080"]
08-Jan-2024 14:27:30.404 信息 [main] org.apache.catalina.startup.Catalina.start Server startup in 1781 ms
08-Jan-2024 14:28:24.994 信息 [main] org.apache.catalina.startup.VersionLoggerListener.log Server.服务器版本: Apache Tomcat/8.5.97
08-Jan-2024 14:28:24.999 信息 [main] org.apache.catalina.startup.VersionLoggerListener.log 服务器构建:        Dec 7 2023 17:57:18 UTC
08-Jan-2024 14:28:24.999 信息 [main] org.apache.catalina.startup.VersionLoggerListener.log 服务器版本号:      8.5.97.0
08-Jan-2024 14:28:24.999 信息 [main] org.apache.catalina.startup.VersionLoggerListener.log 操作系统名称:      Windows 10
08-Jan-2024 14:28:24.999 信息 [main] org.apache.catalina.startup.VersionLoggerListener.log OS.版本:           10.0
08-Jan-2024 14:28:24.999 信息 [main] org.apache.catalina.startup.VersionLoggerListener.log 架构:              amd64
08-Jan-2024 14:28:24.999 信息 [main] org.apache.catalina.startup.VersionLoggerListener.log Java 环境变量:     C:\Program Files\Java\jdk1.8.0_331\jre
08-Jan-2024 14:28:24.999 信息 [main] org.apache.catalina.startup.VersionLoggerListener.log Java虚拟机版本:    1.8.0_331-b09
08-Jan-2024 14:28:24.999 信息 [main] org.apache.catalina.startup.VersionLoggerListener.log JVM.供应商:        Oracle Corporation
08-Jan-2024 14:28:24.999 信息 [main] org.apache.catalina.startup.VersionLoggerListener.log CATALINA_BASE:     D:\OpenGaussProject\TomCat\apache-tomcat-8.5.97
08-Jan-2024 14:28:24.999 信息 [main] org.apache.catalina.startup.VersionLoggerListener.log CATALINA_HOME:     D:\OpenGaussProject\TomCat\apache-tomcat-8.5.97
08-Jan-2024 14:28:24.999 信息 [main] org.apache.catalina.startup.VersionLoggerListener.log 命令行参数：       -Djava.util.logging.config.file=D:\OpenGaussProject\TomCat\apache-tomcat-8.5.97\conf\logging.properties
08-Jan-2024 14:28:24.999 信息 [main] org.apache.catalina.startup.VersionLoggerListener.log 命令行参数：       -Djava.util.logging.manager=org.apache.juli.ClassLoaderLogManager
08-Jan-2024 14:28:24.999 信息 [main] org.apache.catalina.startup.VersionLoggerListener.log 命令行参数：       -Djdk.tls.ephemeralDHKeySize=2048
08-Jan-2024 14:28:24.999 信息 [main] org.apache.catalina.startup.VersionLoggerListener.log 命令行参数：       -Djava.protocol.handler.pkgs=org.apache.catalina.webresources
08-Jan-2024 14:28:24.999 信息 [main] org.apache.catalina.startup.VersionLoggerListener.log 命令行参数：       -Dignore.endorsed.dirs=
08-Jan-2024 14:28:24.999 信息 [main] org.apache.catalina.startup.VersionLoggerListener.log 命令行参数：       -Dcatalina.base=D:\OpenGaussProject\TomCat\apache-tomcat-8.5.97
08-Jan-2024 14:28:24.999 信息 [main] org.apache.catalina.startup.VersionLoggerListener.log 命令行参数：       -Dcatalina.home=D:\OpenGaussProject\TomCat\apache-tomcat-8.5.97
08-Jan-2024 14:28:24.999 信息 [main] org.apache.catalina.startup.VersionLoggerListener.log 命令行参数：       -Djava.io.tmpdir=D:\OpenGaussProject\TomCat\apache-tomcat-8.5.97\temp
08-Jan-2024 14:28:24.999 信息 [main] org.apache.catalina.core.AprLifecycleListener.lifecycleEvent 使用APR版本[1.7.4]加载了基于APR的Apache Tomcat本机库[1.2.39]。
08-Jan-2024 14:28:24.999 信息 [main] org.apache.catalina.core.AprLifecycleListener.lifecycleEvent APR功能：IPv6[true]、sendfile[true]、accept filters[false]、random[true]、UDS [{4}]。
08-Jan-2024 14:28:24.999 信息 [main] org.apache.catalina.core.AprLifecycleListener.lifecycleEvent APR/OpenSSL配置：useAprConnector[false]，useOpenSSL[true]
08-Jan-2024 14:28:25.015 信息 [main] org.apache.catalina.core.AprLifecycleListener.initializeSSL OpenSSL成功初始化 [OpenSSL 3.0.11 19 Sep 2023]
08-Jan-2024 14:28:25.185 信息 [main] org.apache.coyote.AbstractProtocol.init 初始化协议处理器 ["http-nio-8080"]
08-Jan-2024 14:28:25.215 信息 [main] org.apache.catalina.startup.Catalina.load Initialization processed in 575 ms
08-Jan-2024 14:28:25.303 信息 [main] org.apache.catalina.core.StandardService.startInternal 正在启动服务[Catalina]
08-Jan-2024 14:28:25.303 信息 [main] org.apache.catalina.core.StandardEngine.startInternal 正在启动 Servlet 引擎：[Apache Tomcat/8.5.97]
08-Jan-2024 14:28:25.318 信息 [localhost-startStop-1] org.apache.catalina.startup.HostConfig.deployWAR 正在部署web应用程序存档文件[D:\OpenGaussProject\TomCat\apache-tomcat-8.5.97\webapps\test_hello.war]
08-Jan-2024 14:28:25.556 信息 [localhost-startStop-1] org.apache.jasper.servlet.TldScanner.scanJars 至少有一个JAR被扫描用于TLD但尚未包含TLD。 为此记录器启用调试日志记录，以获取已扫描但未在其中找到TLD的完整JAR列表。 在扫描期间跳过不需要的JAR可以缩短启动时间和JSP编译时间。
08-Jan-2024 14:28:26.127 警告 [localhost-startStop-1] org.apache.catalina.util.SessionIdGeneratorBase.createSecureRandom 使用[SHA1PRNG]创建会话ID生成的SecureRandom实例花费了[526]毫秒。
08-Jan-2024 14:28:26.144 信息 [localhost-startStop-1] org.apache.catalina.startup.HostConfig.deployWAR web应用程序存档文件[D:\OpenGaussProject\TomCat\apache-tomcat-8.5.97\webapps\test_hello.war]的部署已在[826]ms内完成
08-Jan-2024 14:28:26.144 信息 [localhost-startStop-1] org.apache.catalina.startup.HostConfig.deployDirectory 把web 应用程序部署到目录 [D:\OpenGaussProject\TomCat\apache-tomcat-8.5.97\webapps\docs]
08-Jan-2024 14:28:26.177 信息 [localhost-startStop-1] org.apache.catalina.startup.HostConfig.deployDirectory Web应用程序目录[D:\OpenGaussProject\TomCat\apache-tomcat-8.5.97\webapps\docs]的部署已在[33]毫秒内完成
08-Jan-2024 14:28:26.186 信息 [localhost-startStop-1] org.apache.catalina.startup.HostConfig.deployDirectory 把web 应用程序部署到目录 [D:\OpenGaussProject\TomCat\apache-tomcat-8.5.97\webapps\examples]
08-Jan-2024 14:28:26.402 信息 [localhost-startStop-1] org.apache.catalina.startup.HostConfig.deployDirectory Web应用程序目录[D:\OpenGaussProject\TomCat\apache-tomcat-8.5.97\webapps\examples]的部署已在[216]毫秒内完成
08-Jan-2024 14:28:26.402 信息 [localhost-startStop-1] org.apache.catalina.startup.HostConfig.deployDirectory 把web 应用程序部署到目录 [D:\OpenGaussProject\TomCat\apache-tomcat-8.5.97\webapps\host-manager]
08-Jan-2024 14:28:26.418 信息 [localhost-startStop-1] org.apache.catalina.startup.HostConfig.deployDirectory Web应用程序目录[D:\OpenGaussProject\TomCat\apache-tomcat-8.5.97\webapps\host-manager]的部署已在[16]毫秒内完成
08-Jan-2024 14:28:26.418 信息 [localhost-startStop-1] org.apache.catalina.startup.HostConfig.deployDirectory 把web 应用程序部署到目录 [D:\OpenGaussProject\TomCat\apache-tomcat-8.5.97\webapps\manager]
08-Jan-2024 14:28:26.456 信息 [localhost-startStop-1] org.apache.catalina.startup.HostConfig.deployDirectory Web应用程序目录[D:\OpenGaussProject\TomCat\apache-tomcat-8.5.97\webapps\manager]的部署已在[37]毫秒内完成
08-Jan-2024 14:28:26.456 信息 [localhost-startStop-1] org.apache.catalina.startup.HostConfig.deployDirectory 把web 应用程序部署到目录 [D:\OpenGaussProject\TomCat\apache-tomcat-8.5.97\webapps\ROOT]
08-Jan-2024 14:28:26.472 信息 [localhost-startStop-1] org.apache.catalina.startup.HostConfig.deployDirectory Web应用程序目录[D:\OpenGaussProject\TomCat\apache-tomcat-8.5.97\webapps\ROOT]的部署已在[16]毫秒内完成
08-Jan-2024 14:28:26.472 信息 [main] org.apache.coyote.AbstractProtocol.start 开始协议处理句柄["http-nio-8080"]
08-Jan-2024 14:28:26.485 信息 [main] org.apache.catalina.startup.Catalina.start Server startup in 1276 ms
08-Jan-2024 15:46:24.778 信息 [main] org.apache.catalina.startup.VersionLoggerListener.log Server.服务器版本: Apache Tomcat/8.5.97
08-Jan-2024 15:46:24.790 信息 [main] org.apache.catalina.startup.VersionLoggerListener.log 服务器构建:        Dec 7 2023 17:57:18 UTC
08-Jan-2024 15:46:24.791 信息 [main] org.apache.catalina.startup.VersionLoggerListener.log 服务器版本号:      8.5.97.0
08-Jan-2024 15:46:24.794 信息 [main] org.apache.catalina.startup.VersionLoggerListener.log 操作系统名称:      Windows 10
08-Jan-2024 15:46:24.795 信息 [main] org.apache.catalina.startup.VersionLoggerListener.log OS.版本:           10.0
08-Jan-2024 15:46:24.795 信息 [main] org.apache.catalina.startup.VersionLoggerListener.log 架构:              amd64
08-Jan-2024 15:46:24.795 信息 [main] org.apache.catalina.startup.VersionLoggerListener.log Java 环境变量:     C:\Program Files\Java\jdk1.8.0_331\jre
08-Jan-2024 15:46:24.795 信息 [main] org.apache.catalina.startup.VersionLoggerListener.log Java虚拟机版本:    1.8.0_331-b09
08-Jan-2024 15:46:24.795 信息 [main] org.apache.catalina.startup.VersionLoggerListener.log JVM.供应商:        Oracle Corporation
08-Jan-2024 15:46:24.796 信息 [main] org.apache.catalina.startup.VersionLoggerListener.log CATALINA_BASE:     D:\OpenGaussProject\Open\OpenGaussWeb\TomCat\apache-tomcat-8.5.97
08-Jan-2024 15:46:24.796 信息 [main] org.apache.catalina.startup.VersionLoggerListener.log CATALINA_HOME:     D:\OpenGaussProject\Open\OpenGaussWeb\TomCat\apache-tomcat-8.5.97
08-Jan-2024 15:46:24.796 信息 [main] org.apache.catalina.startup.VersionLoggerListener.log 命令行参数：       -Djava.util.logging.config.file=D:\OpenGaussProject\Open\OpenGaussWeb\TomCat\apache-tomcat-8.5.97\conf\logging.properties
08-Jan-2024 15:46:24.796 信息 [main] org.apache.catalina.startup.VersionLoggerListener.log 命令行参数：       -Djava.util.logging.manager=org.apache.juli.ClassLoaderLogManager
08-Jan-2024 15:46:24.796 信息 [main] org.apache.catalina.startup.VersionLoggerListener.log 命令行参数：       -Djdk.tls.ephemeralDHKeySize=2048
08-Jan-2024 15:46:24.796 信息 [main] org.apache.catalina.startup.VersionLoggerListener.log 命令行参数：       -Djava.protocol.handler.pkgs=org.apache.catalina.webresources
08-Jan-2024 15:46:24.797 信息 [main] org.apache.catalina.startup.VersionLoggerListener.log 命令行参数：       -Dignore.endorsed.dirs=
08-Jan-2024 15:46:24.797 信息 [main] org.apache.catalina.startup.VersionLoggerListener.log 命令行参数：       -Dcatalina.base=D:\OpenGaussProject\Open\OpenGaussWeb\TomCat\apache-tomcat-8.5.97
08-Jan-2024 15:46:24.797 信息 [main] org.apache.catalina.startup.VersionLoggerListener.log 命令行参数：       -Dcatalina.home=D:\OpenGaussProject\Open\OpenGaussWeb\TomCat\apache-tomcat-8.5.97
08-Jan-2024 15:46:24.798 信息 [main] org.apache.catalina.startup.VersionLoggerListener.log 命令行参数：       -Djava.io.tmpdir=D:\OpenGaussProject\Open\OpenGaussWeb\TomCat\apache-tomcat-8.5.97\temp
08-Jan-2024 15:46:24.798 信息 [main] org.apache.catalina.core.AprLifecycleListener.lifecycleEvent 使用APR版本[1.7.4]加载了基于APR的Apache Tomcat本机库[1.2.39]。
08-Jan-2024 15:46:24.799 信息 [main] org.apache.catalina.core.AprLifecycleListener.lifecycleEvent APR功能：IPv6[true]、sendfile[true]、accept filters[false]、random[true]、UDS [{4}]。
08-Jan-2024 15:46:24.819 信息 [main] org.apache.catalina.core.AprLifecycleListener.lifecycleEvent APR/OpenSSL配置：useAprConnector[false]，useOpenSSL[true]
08-Jan-2024 15:46:24.825 信息 [main] org.apache.catalina.core.AprLifecycleListener.initializeSSL OpenSSL成功初始化 [OpenSSL 3.0.11 19 Sep 2023]
08-Jan-2024 15:46:24.943 信息 [main] org.apache.coyote.AbstractProtocol.init 初始化协议处理器 ["http-nio-8080"]
08-Jan-2024 15:46:24.964 信息 [main] org.apache.catalina.startup.Catalina.load Initialization processed in 483 ms
08-Jan-2024 15:46:25.025 信息 [main] org.apache.catalina.core.StandardService.startInternal 正在启动服务[Catalina]
08-Jan-2024 15:46:25.025 信息 [main] org.apache.catalina.core.StandardEngine.startInternal 正在启动 Servlet 引擎：[Apache Tomcat/8.5.97]
08-Jan-2024 15:46:25.054 信息 [localhost-startStop-1] org.apache.catalina.startup.HostConfig.deployWAR 正在部署web应用程序存档文件[D:\OpenGaussProject\Open\OpenGaussWeb\TomCat\apache-tomcat-8.5.97\webapps\test_hello.war]
08-Jan-2024 15:46:25.233 信息 [localhost-startStop-1] org.apache.jasper.servlet.TldScanner.scanJars 至少有一个JAR被扫描用于TLD但尚未包含TLD。 为此记录器启用调试日志记录，以获取已扫描但未在其中找到TLD的完整JAR列表。 在扫描期间跳过不需要的JAR可以缩短启动时间和JSP编译时间。
08-Jan-2024 15:46:25.826 警告 [localhost-startStop-1] org.apache.catalina.util.SessionIdGeneratorBase.createSecureRandom 使用[SHA1PRNG]创建会话ID生成的SecureRandom实例花费了[554]毫秒。
08-Jan-2024 15:46:25.848 信息 [localhost-startStop-1] org.apache.catalina.startup.HostConfig.deployWAR web应用程序存档文件[D:\OpenGaussProject\Open\OpenGaussWeb\TomCat\apache-tomcat-8.5.97\webapps\test_hello.war]的部署已在[794]ms内完成
08-Jan-2024 15:46:25.849 信息 [localhost-startStop-1] org.apache.catalina.startup.HostConfig.deployDirectory 把web 应用程序部署到目录 [D:\OpenGaussProject\Open\OpenGaussWeb\TomCat\apache-tomcat-8.5.97\webapps\docs]
08-Jan-2024 15:46:25.880 信息 [localhost-startStop-1] org.apache.catalina.startup.HostConfig.deployDirectory Web应用程序目录[D:\OpenGaussProject\Open\OpenGaussWeb\TomCat\apache-tomcat-8.5.97\webapps\docs]的部署已在[31]毫秒内完成
08-Jan-2024 15:46:25.885 信息 [localhost-startStop-1] org.apache.catalina.startup.HostConfig.deployDirectory 把web 应用程序部署到目录 [D:\OpenGaussProject\Open\OpenGaussWeb\TomCat\apache-tomcat-8.5.97\webapps\examples]
08-Jan-2024 15:46:26.225 信息 [localhost-startStop-1] org.apache.catalina.startup.HostConfig.deployDirectory Web应用程序目录[D:\OpenGaussProject\Open\OpenGaussWeb\TomCat\apache-tomcat-8.5.97\webapps\examples]的部署已在[340]毫秒内完成
08-Jan-2024 15:46:26.231 信息 [localhost-startStop-1] org.apache.catalina.startup.HostConfig.deployDirectory 把web 应用程序部署到目录 [D:\OpenGaussProject\Open\OpenGaussWeb\TomCat\apache-tomcat-8.5.97\webapps\host-manager]
08-Jan-2024 15:46:26.257 信息 [localhost-startStop-1] org.apache.catalina.startup.HostConfig.deployDirectory Web应用程序目录[D:\OpenGaussProject\Open\OpenGaussWeb\TomCat\apache-tomcat-8.5.97\webapps\host-manager]的部署已在[26]毫秒内完成
08-Jan-2024 15:46:26.258 信息 [localhost-startStop-1] org.apache.catalina.startup.HostConfig.deployDirectory 把web 应用程序部署到目录 [D:\OpenGaussProject\Open\OpenGaussWeb\TomCat\apache-tomcat-8.5.97\webapps\manager]
08-Jan-2024 15:46:26.280 信息 [localhost-startStop-1] org.apache.catalina.startup.HostConfig.deployDirectory Web应用程序目录[D:\OpenGaussProject\Open\OpenGaussWeb\TomCat\apache-tomcat-8.5.97\webapps\manager]的部署已在[22]毫秒内完成
08-Jan-2024 15:46:26.285 信息 [localhost-startStop-1] org.apache.catalina.startup.HostConfig.deployDirectory 把web 应用程序部署到目录 [D:\OpenGaussProject\Open\OpenGaussWeb\TomCat\apache-tomcat-8.5.97\webapps\ROOT]
08-Jan-2024 15:46:26.298 信息 [localhost-startStop-1] org.apache.catalina.startup.HostConfig.deployDirectory Web应用程序目录[D:\OpenGaussProject\Open\OpenGaussWeb\TomCat\apache-tomcat-8.5.97\webapps\ROOT]的部署已在[13]毫秒内完成
08-Jan-2024 15:46:26.301 信息 [main] org.apache.coyote.AbstractProtocol.start 开始协议处理句柄["http-nio-8080"]
08-Jan-2024 15:46:26.312 信息 [main] org.apache.catalina.startup.Catalina.start Server startup in 1347 ms
